0 info it worked if it ends with ok
1 verbose cli [ 'node',
1 verbose cli   '/usr/local/bin/npm',
1 verbose cli   'install',
1 verbose cli   '-g',
1 verbose cli   'generator-gulp-webapp' ]
2 info using npm@1.4.28
3 info using node@v0.10.33
4 verbose cache add [ 'generator-gulp-webapp', null ]
5 verbose cache add name=undefined spec="generator-gulp-webapp" args=["generator-gulp-webapp",null]
6 verbose parsed url { protocol: null,
6 verbose parsed url   slashes: null,
6 verbose parsed url   auth: null,
6 verbose parsed url   host: null,
6 verbose parsed url   port: null,
6 verbose parsed url   hostname: null,
6 verbose parsed url   hash: null,
6 verbose parsed url   search: null,
6 verbose parsed url   query: null,
6 verbose parsed url   pathname: 'generator-gulp-webapp',
6 verbose parsed url   path: 'generator-gulp-webapp',
6 verbose parsed url   href: 'generator-gulp-webapp' }
7 silly lockFile 41f84260-generator-gulp-webapp generator-gulp-webapp
8 verbose lock generator-gulp-webapp /Users/lukyvj/.npm/41f84260-generator-gulp-webapp.lock
9 silly lockFile 41f84260-generator-gulp-webapp generator-gulp-webapp
10 silly lockFile 41f84260-generator-gulp-webapp generator-gulp-webapp
11 verbose addNamed [ 'generator-gulp-webapp', '' ]
12 verbose addNamed [ null, '*' ]
13 silly lockFile 634d1dc1-generator-gulp-webapp generator-gulp-webapp@
14 verbose lock generator-gulp-webapp@ /Users/lukyvj/.npm/634d1dc1-generator-gulp-webapp.lock
15 silly addNameRange { name: 'generator-gulp-webapp', range: '*', hasData: false }
16 verbose request where is /generator-gulp-webapp
17 verbose request registry https://registry.npmjs.org/
18 verbose request id d2e78df4760edaa1
19 verbose url raw /generator-gulp-webapp
20 verbose url resolving [ 'https://registry.npmjs.org/', './generator-gulp-webapp' ]
21 verbose url resolved https://registry.npmjs.org/generator-gulp-webapp
22 verbose request where is https://registry.npmjs.org/generator-gulp-webapp
23 info trying registry request attempt 1 at 21:09:06
24 verbose etag "266EPSE1ULOT26T8C65WO3G6R"
25 http GET https://registry.npmjs.org/generator-gulp-webapp
26 http 200 https://registry.npmjs.org/generator-gulp-webapp
27 silly registry.get cb [ 200,
27 silly registry.get   { date: 'Wed, 28 Jan 2015 20:09:06 GMT',
27 silly registry.get     server: 'CouchDB/1.5.0 (Erlang OTP/R16B03)',
27 silly registry.get     etag: '"79DLMVX0YIOGWQAXR11RCX3SN"',
27 silly registry.get     'content-type': 'application/json',
27 silly registry.get     'cache-control': 'max-age=60',
27 silly registry.get     'content-length': '14750',
27 silly registry.get     'accept-ranges': 'bytes',
27 silly registry.get     via: '1.1 varnish',
27 silly registry.get     age: '43',
27 silly registry.get     'x-served-by': 'cache-ams4148-AMS',
27 silly registry.get     'x-cache': 'HIT',
27 silly registry.get     'x-cache-hits': '1',
27 silly registry.get     'x-timer': 'S1422475746.636527,VS0,VE0',
27 silly registry.get     vary: 'Accept',
27 silly registry.get     'keep-alive': 'timeout=10, max=50',
27 silly registry.get     connection: 'Keep-Alive' } ]
28 silly addNameRange number 2 { name: 'generator-gulp-webapp', range: '*', hasData: true }
29 silly addNameRange versions [ 'generator-gulp-webapp',
29 silly addNameRange   [ '0.0.1',
29 silly addNameRange     '0.0.3',
29 silly addNameRange     '0.0.4',
29 silly addNameRange     '0.0.5',
29 silly addNameRange     '0.0.6',
29 silly addNameRange     '0.0.7',
29 silly addNameRange     '0.0.8',
29 silly addNameRange     '0.1.0',
29 silly addNameRange     '0.2.0' ] ]
30 verbose addNamed [ 'generator-gulp-webapp', '0.2.0' ]
31 verbose addNamed [ '0.2.0', '0.2.0' ]
32 silly lockFile 3b42be80-generator-gulp-webapp-0-2-0 generator-gulp-webapp@0.2.0
33 verbose lock generator-gulp-webapp@0.2.0 /Users/lukyvj/.npm/3b42be80-generator-gulp-webapp-0-2-0.lock
34 silly lockFile 53e3d9f7--generator-gulp-webapp-0-2-0-tgz https://registry.npmjs.org/generator-gulp-webapp/-/generator-gulp-webapp-0.2.0.tgz
35 verbose lock https://registry.npmjs.org/generator-gulp-webapp/-/generator-gulp-webapp-0.2.0.tgz /Users/lukyvj/.npm/53e3d9f7--generator-gulp-webapp-0-2-0-tgz.lock
36 verbose addRemoteTarball [ 'https://registry.npmjs.org/generator-gulp-webapp/-/generator-gulp-webapp-0.2.0.tgz',
36 verbose addRemoteTarball   '94028743707dba1be493ca2dd3f705a6fd216aea' ]
37 info retry fetch attempt 1 at 21:09:06
38 verbose fetch to= /var/folders/4j/4xrwt5s55g5dwcldx17vmc5c0000gn/T/npm-16051-EPC4KrAx/registry.npmjs.org/generator-gulp-webapp/-/generator-gulp-webapp-0.2.0.tgz
39 http GET https://registry.npmjs.org/generator-gulp-webapp/-/generator-gulp-webapp-0.2.0.tgz
40 http 200 https://registry.npmjs.org/generator-gulp-webapp/-/generator-gulp-webapp-0.2.0.tgz
41 silly lockFile 53e3d9f7--generator-gulp-webapp-0-2-0-tgz https://registry.npmjs.org/generator-gulp-webapp/-/generator-gulp-webapp-0.2.0.tgz
42 silly lockFile 53e3d9f7--generator-gulp-webapp-0-2-0-tgz https://registry.npmjs.org/generator-gulp-webapp/-/generator-gulp-webapp-0.2.0.tgz
43 silly lockFile 3b42be80-generator-gulp-webapp-0-2-0 generator-gulp-webapp@0.2.0
44 silly lockFile 3b42be80-generator-gulp-webapp-0-2-0 generator-gulp-webapp@0.2.0
45 silly lockFile 634d1dc1-generator-gulp-webapp generator-gulp-webapp@
46 silly lockFile 634d1dc1-generator-gulp-webapp generator-gulp-webapp@
47 error Error: EACCES, mkdir '/Users/lukyvj/.npm/generator-gulp-webapp/0.2.0'
47 error  { [Error: EACCES, mkdir '/Users/lukyvj/.npm/generator-gulp-webapp/0.2.0']
47 error   errno: 3,
47 error   code: 'EACCES',
47 error   path: '/Users/lukyvj/.npm/generator-gulp-webapp/0.2.0' }
48 error Please try running this command again as root/Administrator.
49 error System Darwin 14.0.0
50 error command "node" "/usr/local/bin/npm" "install" "-g" "generator-gulp-webapp"
51 error cwd /Users/lukyvj/Sites/projects/Trinity-grid
52 error node -v v0.10.33
53 error npm -v 1.4.28
54 error path /Users/lukyvj/.npm/generator-gulp-webapp/0.2.0
55 error code EACCES
56 error errno 3
57 error stack Error: EACCES, mkdir '/Users/lukyvj/.npm/generator-gulp-webapp/0.2.0'
58 verbose exit [ 3, true ]
